Analysis & Synthesis report for vga_game
Tue Jun 05 17:06:22 2018
Quartus Prime Version 17.0.0 Build 595 04/25/2017 SJ Standard Edition


---------------------
; Table of Contents ;
---------------------
  1. Legal Notice
  2. Analysis & Synthesis Summary
  3. Analysis & Synthesis Settings
  4. Parallel Compilation
  5. Analysis & Synthesis Source Files Read
  6. Analysis & Synthesis Resource Usage Summary
  7. Analysis & Synthesis Resource Utilization by Entity
  8. Registers Removed During Synthesis
  9. General Register Statistics
 10. Multiplexer Restructuring Statistics (Restructuring Performed)
 11. Post-Synthesis Netlist Statistics for Top Partition
 12. Elapsed Time Per Partition
 13. Analysis & Synthesis Messages



----------------
; Legal Notice ;
----------------
Copyright (C) 2017  Intel Corporation. All rights reserved.
Your use of Intel Corporation's design tools, logic functions 
and other software and tools, and its AMPP partner logic 
functions, and any output files from any of the foregoing 
(including device programming or simulation files), and any 
associated documentation or information are expressly subject 
to the terms and conditions of the Intel Program License 
Subscription Agreement, the Intel Quartus Prime License Agreement,
the Intel MegaCore Function License Agreement, or other 
applicable license agreement, including, without limitation, 
that your use is for the sole purpose of programming logic 
devices manufactured by Intel and sold by Intel or its 
authorized distributors.  Please refer to the applicable 
agreement for further details.



+-----------------------------------------------------------------------------------+
; Analysis & Synthesis Summary                                                      ;
+---------------------------------+-------------------------------------------------+
; Analysis & Synthesis Status     ; Successful - Tue Jun 05 17:06:22 2018           ;
; Quartus Prime Version           ; 17.0.0 Build 595 04/25/2017 SJ Standard Edition ;
; Revision Name                   ; vga_game                                        ;
; Top-level Entity Name           ; TOP_SIFTACH                                     ;
; Family                          ; Cyclone V                                       ;
; Logic utilization (in ALMs)     ; N/A                                             ;
; Total registers                 ; 154                                             ;
; Total pins                      ; 31                                              ;
; Total virtual pins              ; 0                                               ;
; Total block memory bits         ; 0                                               ;
; Total DSP Blocks                ; 0                                               ;
; Total HSSI RX PCSs              ; 0                                               ;
; Total HSSI PMA RX Deserializers ; 0                                               ;
; Total HSSI TX PCSs              ; 0                                               ;
; Total HSSI PMA TX Serializers   ; 0                                               ;
; Total PLLs                      ; 0                                               ;
; Total DLLs                      ; 0                                               ;
+---------------------------------+-------------------------------------------------+


+---------------------------------------------------------------------------------------------------------------------------+
; Analysis & Synthesis Settings                                                                                             ;
+---------------------------------------------------------------------------------+--------------------+--------------------+
; Option                                                                          ; Setting            ; Default Value      ;
+---------------------------------------------------------------------------------+--------------------+--------------------+
; Device                                                                          ; 5CSXFC6D6F31C6     ;                    ;
; Top-level entity name                                                           ; TOP_SIFTACH        ; vga_game           ;
; Family name                                                                     ; Cyclone V          ; Cyclone V          ;
; Use smart compilation                                                           ; Off                ; Off                ;
; Enable parallel Assembler and TimeQuest Timing Analyzer during compilation      ; On                 ; On                 ;
; Enable compact report table                                                     ; Off                ; Off                ;
; Restructure Multiplexers                                                        ; Auto               ; Auto               ;
; MLAB Add Timing Constraints For Mixed-Port Feed-Through Mode Setting Don't Care ; Off                ; Off                ;
; Create Debugging Nodes for IP Cores                                             ; Off                ; Off                ;
; Preserve fewer node names                                                       ; On                 ; On                 ;
; OpenCore Plus hardware evaluation                                               ; Enable             ; Enable             ;
; Verilog Version                                                                 ; Verilog_2001       ; Verilog_2001       ;
; VHDL Version                                                                    ; VHDL_1993          ; VHDL_1993          ;
; State Machine Processing                                                        ; Auto               ; Auto               ;
; Safe State Machine                                                              ; Off                ; Off                ;
; Extract Verilog State Machines                                                  ; On                 ; On                 ;
; Extract VHDL State Machines                                                     ; On                 ; On                 ;
; Ignore Verilog initial constructs                                               ; Off                ; Off                ;
; Iteration limit for constant Verilog loops                                      ; 5000               ; 5000               ;
; Iteration limit for non-constant Verilog loops                                  ; 250                ; 250                ;
; Add Pass-Through Logic to Inferred RAMs                                         ; On                 ; On                 ;
; Infer RAMs from Raw Logic                                                       ; On                 ; On                 ;
; Parallel Synthesis                                                              ; On                 ; On                 ;
; DSP Block Balancing                                                             ; Auto               ; Auto               ;
; NOT Gate Push-Back                                                              ; On                 ; On                 ;
; Power-Up Don't Care                                                             ; On                 ; On                 ;
; Remove Redundant Logic Cells                                                    ; Off                ; Off                ;
; Remove Duplicate Registers                                                      ; On                 ; On                 ;
; Ignore CARRY Buffers                                                            ; Off                ; Off                ;
; Ignore CASCADE Buffers                                                          ; Off                ; Off                ;
; Ignore GLOBAL Buffers                                                           ; Off                ; Off                ;
; Ignore ROW GLOBAL Buffers                                                       ; Off                ; Off                ;
; Ignore LCELL Buffers                                                            ; Off                ; Off                ;
; Ignore SOFT Buffers                                                             ; On                 ; On                 ;
; Limit AHDL Integers to 32 Bits                                                  ; Off                ; Off                ;
; Optimization Technique                                                          ; Balanced           ; Balanced           ;
; Carry Chain Length                                                              ; 70                 ; 70                 ;
; Auto Carry Chains                                                               ; On                 ; On                 ;
; Auto Open-Drain Pins                                                            ; On                 ; On                 ;
; Perform WYSIWYG Primitive Resynthesis                                           ; Off                ; Off                ;
; Auto ROM Replacement                                                            ; On                 ; On                 ;
; Auto RAM Replacement                                                            ; On                 ; On                 ;
; Auto DSP Block Replacement                                                      ; On                 ; On                 ;
; Auto Shift Register Replacement                                                 ; Auto               ; Auto               ;
; Allow Shift Register Merging across Hierarchies                                 ; Auto               ; Auto               ;
; Auto Clock Enable Replacement                                                   ; On                 ; On                 ;
; Strict RAM Replacement                                                          ; Off                ; Off                ;
; Allow Synchronous Control Signals                                               ; On                 ; On                 ;
; Force Use of Synchronous Clear Signals                                          ; Off                ; Off                ;
; Auto Resource Sharing                                                           ; Off                ; Off                ;
; Allow Any RAM Size For Recognition                                              ; Off                ; Off                ;
; Allow Any ROM Size For Recognition                                              ; Off                ; Off                ;
; Allow Any Shift Register Size For Recognition                                   ; Off                ; Off                ;
; Use LogicLock Constraints during Resource Balancing                             ; On                 ; On                 ;
; Ignore translate_off and synthesis_off directives                               ; Off                ; Off                ;
; Timing-Driven Synthesis                                                         ; On                 ; On                 ;
; Report Parameter Settings                                                       ; On                 ; On                 ;
; Report Source Assignments                                                       ; On                 ; On                 ;
; Report Connectivity Checks                                                      ; On                 ; On                 ;
; Ignore Maximum Fan-Out Assignments                                              ; Off                ; Off                ;
; Synchronization Register Chain Length                                           ; 3                  ; 3                  ;
; PowerPlay Power Optimization During Synthesis                                   ; Normal compilation ; Normal compilation ;
; HDL message level                                                               ; Level2             ; Level2             ;
; Suppress Register Optimization Related Messages                                 ; Off                ; Off                ;
; Number of Removed Registers Reported in Synthesis Report                        ; 5000               ; 5000               ;
; Number of Swept Nodes Reported in Synthesis Report                              ; 5000               ; 5000               ;
; Number of Inverted Registers Reported in Synthesis Report                       ; 100                ; 100                ;
; Clock MUX Protection                                                            ; On                 ; On                 ;
; Auto Gated Clock Conversion                                                     ; Off                ; Off                ;
; Block Design Naming                                                             ; Auto               ; Auto               ;
; SDC constraint protection                                                       ; Off                ; Off                ;
; Synthesis Effort                                                                ; Auto               ; Auto               ;
; Shift Register Replacement - Allow Asynchronous Clear Signal                    ; On                 ; On                 ;
; Pre-Mapping Resynthesis Optimization                                            ; Off                ; Off                ;
; Analysis & Synthesis Message Level                                              ; Medium             ; Medium             ;
; Disable Register Merging Across Hierarchies                                     ; Auto               ; Auto               ;
; Resource Aware Inference For Block RAM                                          ; On                 ; On                 ;
; Automatic Parallel Synthesis                                                    ; On                 ; On                 ;
; Partial Reconfiguration Bitstream ID                                            ; Off                ; Off                ;
+---------------------------------------------------------------------------------+--------------------+--------------------+


+------------------------------------------+
; Parallel Compilation                     ;
+----------------------------+-------------+
; Processors                 ; Number      ;
+----------------------------+-------------+
; Number detected on machine ; 8           ;
; Maximum allowed            ; 4           ;
;                            ;             ;
; Average used               ; 1.00        ;
; Maximum used               ; 4           ;
;                            ;             ;
; Usage by Processor         ; % Time Used ;
;     Processor 1            ; 100.0%      ;
;     Processors 2-4         ;   0.0%      ;
+----------------------------+-------------+


+-------------------------------------------------------------------------------------------------------------------------------------------------------+
; Analysis & Synthesis Source Files Read                                                                                                                ;
+-----------------------------------+-----------------+------------------------------------+--------------------------------------------------+---------+
; File Name with User-Entered Path  ; Used in Netlist ; File Type                          ; File Name with Absolute Path                     ; Library ;
+-----------------------------------+-----------------+------------------------------------+--------------------------------------------------+---------+
; VGA_Controller/VGA_Controller.vhd ; yes             ; User VHDL File                     ; Z:/project/vga/VGA_Controller/VGA_Controller.vhd ;         ;
; rtl/TOP_SIFTACH.bdf               ; yes             ; User Block Diagram/Schematic File  ; Z:/project/vga/rtl/TOP_SIFTACH.bdf               ;         ;
; rtl/objects_mux.vhd               ; yes             ; User VHDL File                     ; Z:/project/vga/rtl/objects_mux.vhd               ;         ;
; rtl/back_ground_draw.vhd          ; yes             ; User VHDL File                     ; Z:/project/vga/rtl/back_ground_draw.vhd          ;         ;
; rtl/back_ground_draw_project.vhd  ; yes             ; User VHDL File                     ; Z:/project/vga/rtl/back_ground_draw_project.vhd  ;         ;
+-----------------------------------+-----------------+------------------------------------+--------------------------------------------------+---------+


+--------------------------------------------------------------+
; Analysis & Synthesis Resource Usage Summary                  ;
+---------------------------------------------+----------------+
; Resource                                    ; Usage          ;
+---------------------------------------------+----------------+
; Estimate of Logic utilization (ALMs needed) ; 221            ;
;                                             ;                ;
; Combinational ALUT usage for logic          ; 337            ;
;     -- 7 input functions                    ; 3              ;
;     -- 6 input functions                    ; 99             ;
;     -- 5 input functions                    ; 34             ;
;     -- 4 input functions                    ; 28             ;
;     -- <=3 input functions                  ; 173            ;
;                                             ;                ;
; Dedicated logic registers                   ; 154            ;
;                                             ;                ;
; I/O pins                                    ; 31             ;
;                                             ;                ;
; Total DSP Blocks                            ; 0              ;
;                                             ;                ;
; Maximum fan-out node                        ; CLOCK_50~input ;
; Maximum fan-out                             ; 155            ;
; Total fan-out                               ; 1916           ;
; Average fan-out                             ; 3.46           ;
+---------------------------------------------+----------------+


+--------------------------------------------------------------------------------------------------------------------------------------------------------------------------------------------------------------------------------------+
; Analysis & Synthesis Resource Utilization by Entity                                                                                                                                                                                  ;
+-------------------------------------+---------------------+---------------------------+-------------------+------------+------+--------------+---------------------------------------------+--------------------------+--------------+
; Compilation Hierarchy Node          ; Combinational ALUTs ; Dedicated Logic Registers ; Block Memory Bits ; DSP Blocks ; Pins ; Virtual Pins ; Full Hierarchy Name                         ; Entity Name              ; Library Name ;
+-------------------------------------+---------------------+---------------------------+-------------------+------------+------+--------------+---------------------------------------------+--------------------------+--------------+
; |TOP_SIFTACH                        ; 337 (0)             ; 154 (0)                   ; 0                 ; 0          ; 31   ; 0            ; |TOP_SIFTACH                                ; TOP_SIFTACH              ; work         ;
;    |VGA_Controller:inst|            ; 159 (159)           ; 139 (139)                 ; 0                 ; 0          ; 0    ; 0            ; |TOP_SIFTACH|VGA_Controller:inst            ; VGA_Controller           ; work         ;
;    |back_ground_draw_project:inst3| ; 171 (171)           ; 8 (8)                     ; 0                 ; 0          ; 0    ; 0            ; |TOP_SIFTACH|back_ground_draw_project:inst3 ; back_ground_draw_project ; work         ;
;    |objects_mux:inst5|              ; 7 (7)               ; 7 (7)                     ; 0                 ; 0          ; 0    ; 0            ; |TOP_SIFTACH|objects_mux:inst5              ; objects_mux              ; work         ;
+-------------------------------------+---------------------+---------------------------+-------------------+------------+------+--------------+---------------------------------------------+--------------------------+--------------+
Note: For table entries with two numbers listed, the numbers in parentheses indicate the number of resources of the given type used by the specific entity alone. The numbers listed outside of parentheses indicate the total resources of the given type used by the specific entity and all of its sub-entities in the hierarchy.


+-----------------------------------------------------------------------------------------------------+
; Registers Removed During Synthesis                                                                  ;
+--------------------------------------------+--------------------------------------------------------+
; Register name                              ; Reason for Removal                                     ;
+--------------------------------------------+--------------------------------------------------------+
; VGA_Controller:inst|oVGA_R[0..4]           ; Stuck at GND due to stuck port data_in                 ;
; VGA_Controller:inst|oVGA_G[0..4]           ; Stuck at GND due to stuck port data_in                 ;
; VGA_Controller:inst|oVGA_B[0..5]           ; Stuck at GND due to stuck port data_in                 ;
; back_ground_draw_project:inst3|mVGA_RGB[1] ; Merged with back_ground_draw_project:inst3|mVGA_RGB[4] ;
; objects_mux:inst5|m_mVGA_t[4]              ; Merged with objects_mux:inst5|m_mVGA_t[1]              ;
; Total Number of Removed Registers = 18     ;                                                        ;
+--------------------------------------------+--------------------------------------------------------+


+------------------------------------------------------+
; General Register Statistics                          ;
+----------------------------------------------+-------+
; Statistic                                    ; Value ;
+----------------------------------------------+-------+
; Total registers                              ; 154   ;
; Number of registers using Synchronous Clear  ; 126   ;
; Number of registers using Synchronous Load   ; 0     ;
; Number of registers using Asynchronous Clear ; 154   ;
; Number of registers using Asynchronous Load  ; 0     ;
; Number of registers using Clock Enable       ; 33    ;
; Number of registers using Preset             ; 0     ;
+----------------------------------------------+-------+


+-----------------------------------------------------------------------------------------------------------------------------------------------------------------------+
; Multiplexer Restructuring Statistics (Restructuring Performed)                                                                                                        ;
+--------------------+-----------+---------------+----------------------+------------------------+------------+---------------------------------------------------------+
; Multiplexer Inputs ; Bus Width ; Baseline Area ; Area if Restructured ; Saving if Restructured ; Registered ; Example Multiplexer Output                              ;
+--------------------+-----------+---------------+----------------------+------------------------+------------+---------------------------------------------------------+
; 110:1              ; 2 bits    ; 146 LEs       ; 80 LEs               ; 66 LEs                 ; Yes        ; |TOP_SIFTACH|back_ground_draw_project:inst3|mVGA_RGB[7] ;
+--------------------+-----------+---------------+----------------------+------------------------+------------+---------------------------------------------------------+


+-----------------------------------------------------+
; Post-Synthesis Netlist Statistics for Top Partition ;
+-----------------------+-----------------------------+
; Type                  ; Count                       ;
+-----------------------+-----------------------------+
; arriav_ff             ; 154                         ;
;     CLR               ; 25                          ;
;     CLR SCLR          ; 96                          ;
;     ENA CLR           ; 3                           ;
;     ENA CLR SCLR      ; 30                          ;
; arriav_lcell_comb     ; 338                         ;
;     arith             ; 129                         ;
;         1 data inputs ; 128                         ;
;         2 data inputs ; 1                           ;
;     extend            ; 3                           ;
;         7 data inputs ; 3                           ;
;     normal            ; 206                         ;
;         0 data inputs ; 1                           ;
;         1 data inputs ; 1                           ;
;         2 data inputs ; 29                          ;
;         3 data inputs ; 14                          ;
;         4 data inputs ; 28                          ;
;         5 data inputs ; 34                          ;
;         6 data inputs ; 99                          ;
; boundary_port         ; 31                          ;
;                       ;                             ;
; Max LUT depth         ; 8.00                        ;
; Average LUT depth     ; 5.02                        ;
+-----------------------+-----------------------------+


+-------------------------------+
; Elapsed Time Per Partition    ;
+----------------+--------------+
; Partition Name ; Elapsed Time ;
+----------------+--------------+
; Top            ; 00:00:01     ;
+----------------+--------------+


+-------------------------------+
; Analysis & Synthesis Messages ;
+-------------------------------+
Info: *******************************************************************
Info: Running Quartus Prime Analysis & Synthesis
    Info: Version 17.0.0 Build 595 04/25/2017 SJ Standard Edition
    Info: Processing started: Tue Jun 05 17:06:06 2018
Info: Command: quartus_map --read_settings_files=on --write_settings_files=off vga_game -c vga_game
Warning (18236): Number of processors has not been specified which may cause overloading on shared machines.  Set the global assignment NUM_PARALLEL_PROCESSORS in your QSF to an appropriate value for best performance.
Info (20030): Parallel compilation is enabled and will use 4 of the 4 processors detected
Info (12021): Found 2 design units, including 1 entities, in source file vga_controller/vga_controller.vhd
    Info (12022): Found design unit 1: VGA_Controller-behav File: Z:/project/vga/VGA_Controller/VGA_Controller.vhd Line: 32
    Info (12023): Found entity 1: VGA_Controller File: Z:/project/vga/VGA_Controller/VGA_Controller.vhd Line: 7
Info (12021): Found 1 design units, including 1 entities, in source file rtl/top_siftach.bdf
    Info (12023): Found entity 1: TOP_SIFTACH
Warning (12019): Can't analyze file -- file rtl/timer.vhd is missing
Info (12021): Found 2 design units, including 1 entities, in source file rtl/smileyfacemove.vhd
    Info (12022): Found design unit 1: smileyfacemove-behav File: Z:/project/vga/rtl/smileyfacemove.vhd Line: 20
    Info (12023): Found entity 1: smileyfacemove File: Z:/project/vga/rtl/smileyfacemove.vhd Line: 9
Info (12021): Found 2 design units, including 1 entities, in source file rtl/smileyface_object.vhd
    Info (12022): Found design unit 1: smileyface_object-behav File: Z:/project/vga/rtl/smileyface_object.vhd Line: 24
    Info (12023): Found entity 1: smileyface_object File: Z:/project/vga/rtl/smileyface_object.vhd Line: 10
Info (12021): Found 2 design units, including 1 entities, in source file rtl/objects_mux.vhd
    Info (12022): Found design unit 1: objects_mux-behav File: Z:/project/vga/rtl/objects_mux.vhd Line: 26
    Info (12023): Found entity 1: objects_mux File: Z:/project/vga/rtl/objects_mux.vhd Line: 8
Info (12021): Found 2 design units, including 1 entities, in source file rtl/back_ground_draw.vhd
    Info (12022): Found design unit 1: back_ground_draw-behav File: Z:/project/vga/rtl/back_ground_draw.vhd Line: 20
    Info (12023): Found entity 1: back_ground_draw File: Z:/project/vga/rtl/back_ground_draw.vhd Line: 9
Info (12021): Found 2 design units, including 1 entities, in source file rtl/back_ground_draw_project.vhd
    Info (12022): Found design unit 1: back_ground_draw_project-behav File: Z:/project/vga/rtl/back_ground_draw_project.vhd Line: 23
    Info (12023): Found entity 1: back_ground_draw_project File: Z:/project/vga/rtl/back_ground_draw_project.vhd Line: 10
Info (12127): Elaborating entity "TOP_SIFTACH" for the top level hierarchy
Info (12128): Elaborating entity "VGA_Controller" for hierarchy "VGA_Controller:inst"
Info (12128): Elaborating entity "objects_mux" for hierarchy "objects_mux:inst5"
Info (12128): Elaborating entity "back_ground_draw_project" for hierarchy "back_ground_draw_project:inst3"
Warning (10540): VHDL Signal Declaration warning at back_ground_draw_project.vhd(446): used explicit default value for signal "ObjectStartX" because signal was never assigned a value File: Z:/project/vga/rtl/back_ground_draw_project.vhd Line: 446
Warning (10540): VHDL Signal Declaration warning at back_ground_draw_project.vhd(447): used explicit default value for signal "ObjectStartY" because signal was never assigned a value File: Z:/project/vga/rtl/back_ground_draw_project.vhd Line: 447
Info (12128): Elaborating entity "back_ground_draw" for hierarchy "back_ground_draw:inst2"
Warning (10631): VHDL Process Statement warning at back_ground_draw.vhd(36): inferring latch(es) for signal or variable "mVGA_R", which holds its previous value in one or more paths through the process File: Z:/project/vga/rtl/back_ground_draw.vhd Line: 36
Warning (10631): VHDL Process Statement warning at back_ground_draw.vhd(36): inferring latch(es) for signal or variable "mVGA_G", which holds its previous value in one or more paths through the process File: Z:/project/vga/rtl/back_ground_draw.vhd Line: 36
Warning (10631): VHDL Process Statement warning at back_ground_draw.vhd(36): inferring latch(es) for signal or variable "mVGA_B", which holds its previous value in one or more paths through the process File: Z:/project/vga/rtl/back_ground_draw.vhd Line: 36
Info (10041): Inferred latch for "mVGA_B[0]" at back_ground_draw.vhd(36) File: Z:/project/vga/rtl/back_ground_draw.vhd Line: 36
Info (10041): Inferred latch for "mVGA_B[1]" at back_ground_draw.vhd(36) File: Z:/project/vga/rtl/back_ground_draw.vhd Line: 36
Info (10041): Inferred latch for "mVGA_G[0]" at back_ground_draw.vhd(36) File: Z:/project/vga/rtl/back_ground_draw.vhd Line: 36
Info (10041): Inferred latch for "mVGA_G[1]" at back_ground_draw.vhd(36) File: Z:/project/vga/rtl/back_ground_draw.vhd Line: 36
Info (10041): Inferred latch for "mVGA_G[2]" at back_ground_draw.vhd(36) File: Z:/project/vga/rtl/back_ground_draw.vhd Line: 36
Info (10041): Inferred latch for "mVGA_R[0]" at back_ground_draw.vhd(36) File: Z:/project/vga/rtl/back_ground_draw.vhd Line: 36
Info (10041): Inferred latch for "mVGA_R[1]" at back_ground_draw.vhd(36) File: Z:/project/vga/rtl/back_ground_draw.vhd Line: 36
Info (10041): Inferred latch for "mVGA_R[2]" at back_ground_draw.vhd(36) File: Z:/project/vga/rtl/back_ground_draw.vhd Line: 36
Warning (13024): Output pins are stuck at VCC or GND
    Warning (13410): Pin "VGA_SYNC_N" is stuck at GND
    Warning (13410): Pin "VGA_B[5]" is stuck at GND
    Warning (13410): Pin "VGA_B[4]" is stuck at GND
    Warning (13410): Pin "VGA_B[3]" is stuck at GND
    Warning (13410): Pin "VGA_B[2]" is stuck at GND
    Warning (13410): Pin "VGA_B[1]" is stuck at GND
    Warning (13410): Pin "VGA_B[0]" is stuck at GND
    Warning (13410): Pin "VGA_G[4]" is stuck at GND
    Warning (13410): Pin "VGA_G[3]" is stuck at GND
    Warning (13410): Pin "VGA_G[2]" is stuck at GND
    Warning (13410): Pin "VGA_G[1]" is stuck at GND
    Warning (13410): Pin "VGA_G[0]" is stuck at GND
    Warning (13410): Pin "VGA_R[4]" is stuck at GND
    Warning (13410): Pin "VGA_R[3]" is stuck at GND
    Warning (13410): Pin "VGA_R[2]" is stuck at GND
    Warning (13410): Pin "VGA_R[1]" is stuck at GND
    Warning (13410): Pin "VGA_R[0]" is stuck at GND
Info (286030): Timing-Driven Synthesis is running
Critical Warning (18061): Ignored Power-Up Level option on the following registers
    Critical Warning (18010): Register VGA_Controller:inst|V_Cont[31] will power up to Low File: Z:/project/vga/VGA_Controller/VGA_Controller.vhd Line: 152
    Critical Warning (18010): Register VGA_Controller:inst|H_Cont[31] will power up to Low File: Z:/project/vga/VGA_Controller/VGA_Controller.vhd Line: 127
    Critical Warning (18010): Register VGA_Controller:inst|H_Cont[0] will power up to Low File: Z:/project/vga/VGA_Controller/VGA_Controller.vhd Line: 127
    Critical Warning (18010): Register VGA_Controller:inst|oCoord_X[31] will power up to Low File: Z:/project/vga/VGA_Controller/VGA_Controller.vhd Line: 84
    Critical Warning (18010): Register VGA_Controller:inst|oCoord_Y[31] will power up to Low File: Z:/project/vga/VGA_Controller/VGA_Controller.vhd Line: 84
    Critical Warning (18010): Register VGA_Controller:inst|oCoord_X[0] will power up to Low File: Z:/project/vga/VGA_Controller/VGA_Controller.vhd Line: 84
    Critical Warning (18010): Register VGA_Controller:inst|oCoord_Y[0] will power up to Low File: Z:/project/vga/VGA_Controller/VGA_Controller.vhd Line: 84
    Critical Warning (18010): Register VGA_Controller:inst|V_Cont[0] will power up to Low File: Z:/project/vga/VGA_Controller/VGA_Controller.vhd Line: 152
Info (16010): Generating hard_block partition "hard_block:auto_generated_inst"
    Info (16011): Adding 0 node(s), including 0 DDIO, 0 PLL, 0 transceiver and 0 LCELL
Info (21057): Implemented 380 device resources after synthesis - the final resource count might be different
    Info (21058): Implemented 2 input pins
    Info (21059): Implemented 29 output pins
    Info (21061): Implemented 349 logic cells
Info: Quartus Prime Analysis & Synthesis was successful. 0 errors, 34 warnings
    Info: Peak virtual memory: 726 megabytes
    Info: Processing ended: Tue Jun 05 17:06:23 2018
    Info: Elapsed time: 00:00:17
    Info: Total CPU time (on all processors): 00:00:23


